[ 2023-07-30 19:43:17,427 ] 187 werkzeug - WARNING -  * Debugger is active!
[ 2023-07-30 19:43:17,428 ] 187 werkzeug - INFO -  * Debugger PIN: 166-845-346
[ 2023-07-30 19:43:36,891 ] 187 werkzeug - INFO - 127.0.0.1 - - [30/Jul/2023 19:43:36] "GET / HTTP/1.1" 200 -
[ 2023-07-30 19:43:37,055 ] 187 werkzeug - INFO - 127.0.0.1 - - [30/Jul/2023 19:43:37] "GET /static/styles.css HTTP/1.1" 200 -
[ 2023-07-30 19:44:04,481 ] 14 root - INFO - Stock Data object initialised.
[ 2023-07-30 19:44:05,932 ] 20 root - INFO - Stock data for AAPL collected.
[ 2023-07-30 19:44:06,290 ] 33 root - INFO - Stock data graph generated.
[ 2023-07-30 19:44:06,399 ] 37 root - INFO - Plot saved.
[ 2023-07-30 19:44:06,406 ] 12 root - INFO - Data Processing initialised.
[ 2023-07-30 19:44:06,407 ] 17 root - INFO - Relevant features of data collected.
[ 2023-07-30 19:44:06,410 ] 22 root - INFO - Data is scaled.
[ 2023-07-30 19:44:06,410 ] 26 root - INFO - Generating sequential data.
[ 2023-07-30 19:44:06,415 ] 39 root - INFO - Generating train test data.
[ 2023-07-30 19:44:06,415 ] 50 root - INFO - Generating data for prediction.
[ 2023-07-30 19:44:08,035 ] 89 root - INFO - Encoder model training started...
[ 2023-07-30 19:44:22,432 ] 60 root - INFO - Doing inverse tranform 
[ 2023-07-30 19:44:22,433 ] 60 root - INFO - Doing inverse tranform 
[ 2023-07-30 19:44:22,433 ] 60 root - INFO - Doing inverse tranform 
[ 2023-07-30 19:44:22,433 ] 60 root - INFO - Doing inverse tranform 
[ 2023-07-30 19:44:22,433 ] 60 root - INFO - Doing inverse tranform 
[ 2023-07-30 19:44:22,433 ] 60 root - INFO - Doing inverse tranform 
[ 2023-07-30 19:44:22,433 ] 60 root - INFO - Doing inverse tranform 
[ 2023-07-30 19:44:22,433 ] 60 root - INFO - Doing inverse tranform 
[ 2023-07-30 19:44:22,433 ] 60 root - INFO - Doing inverse tranform 
[ 2023-07-30 19:44:22,433 ] 60 root - INFO - Doing inverse tranform 
[ 2023-07-30 19:44:22,433 ] 60 root - INFO - Doing inverse tranform 
[ 2023-07-30 19:44:22,433 ] 60 root - INFO - Doing inverse tranform 
[ 2023-07-30 19:44:22,433 ] 60 root - INFO - Doing inverse tranform 
[ 2023-07-30 19:44:22,433 ] 60 root - INFO - Doing inverse tranform 
[ 2023-07-30 19:44:22,434 ] 10 root - INFO - pred has shape (501, 7, 5)
[ 2023-07-30 19:44:22,434 ] 11 root - INFO - [[[1.3519653e+02 1.3694867e+02 1.3350641e+02 7.1498808e+07 1.3578833e+02]
  [1.3739442e+02 1.3638382e+02 1.3440242e+02 6.9752360e+07 1.3545204e+02]
  [1.3491354e+02 1.3773820e+02 1.3173082e+02 9.0343552e+07 1.3477452e+02]
  [1.3252905e+02 1.3534052e+02 1.3549263e+02 6.5024288e+07 1.3398257e+02]
  [1.3727074e+02 1.3620116e+02 1.3293707e+02 9.8929736e+07 1.3430255e+02]
  [1.3558742e+02 1.3615611e+02 1.3063737e+02 6.0596288e+07 1.3584052e+02]
  [1.3371976e+02 1.3807520e+02 1.3454018e+02 8.0879824e+07 1.3662732e+02]]

 [[1.3536732e+02 1.3711261e+02 1.3364998e+02 7.0394528e+07 1.3596246e+02]
  [1.3756137e+02 1.3654886e+02 1.3455177e+02 6.8752680e+07 1.3562413e+02]
  [1.3506577e+02 1.3790154e+02 1.3189951e+02 8.9325336e+07 1.3495708e+02]
  [1.3266235e+02 1.3550832e+02 1.3569197e+02 6.4100068e+07 1.3411832e+02]
  [1.3743098e+02 1.3636354e+02 1.3310783e+02 9.8119728e+07 1.3448334e+02]
  [1.3573366e+02 1.3632748e+02 1.3077423e+02 5.9560796e+07 1.3602101e+02]
  [1.3387544e+02 1.3823280e+02 1.3472334e+02 7.9875200e+07 1.3678555e+02]]

 [[1.3560912e+02 1.3733621e+02 1.3384207e+02 6.9410400e+07 1.3621237e+02]
  [1.3779164e+02 1.3674100e+02 1.3478203e+02 6.7857400e+07 1.3586186e+02]
  [1.3527907e+02 1.3811240e+02 1.3209998e+02 8.8459240e+07 1.3515619e+02]
  [1.3284221e+02 1.3570743e+02 1.3598224e+02 6.3177772e+07 1.3427554e+02]
  [1.3761481e+02 1.3662166e+02 1.3333078e+02 9.7342768e+07 1.3469273e+02]
  [1.3595682e+02 1.3649873e+02 1.3098582e+02 5.8544532e+07 1.3628381e+02]
  [1.3406596e+02 1.3845058e+02 1.3493018e+02 7.9010456e+07 1.3703343e+02]]

 [[1.3584904e+02 1.3758134e+02 1.3405734e+02 6.9195688e+07 1.3645622e+02]
  [1.3802475e+02 1.3696259e+02 1.3500662e+02 6.7516536e+07 1.3609935e+02]
  [1.3551198e+02 1.3834413e+02 1.3230838e+02 8.8176160e+07 1.3538870e+02]
  [1.3304234e+02 1.3592773e+02 1.3623402e+02 6.2802024e+07 1.3448561e+02]
  [1.3782913e+02 1.3686102e+02 1.3355986e+02 9.7099488e+07 1.3490422e+02]
  [1.3617863e+02 1.3671596e+02 1.3120952e+02 5.8201368e+07 1.3654689e+02]
  [1.3428023e+02 1.3868906e+02 1.3514621e+02 7.8798592e+07 1.3726785e+02]]

 [[1.3577353e+02 1.3751712e+02 1.3397360e+02 6.9649536e+07 1.3637238e+02]
  [1.3792909e+02 1.3688531e+02 1.3490739e+02 6.7860184e+07 1.3601311e+02]
  [1.3544093e+02 1.3826871e+02 1.3221039e+02 8.8546096e+07 1.3531647e+02]
  [1.3295245e+02 1.3585202e+02 1.3613002e+02 6.3097956e+07 1.3441972e+02]
  [1.3774016e+02 1.3676402e+02 1.3348288e+02 9.7370208e+07 1.3480821e+02]
  [1.3608882e+02 1.3663885e+02 1.3114296e+02 5.8575604e+07 1.3648799e+02]
  [1.3420912e+02 1.3862195e+02 1.3505386e+02 7.9256008e+07 1.3717415e+02]]]
[ 2023-07-30 19:44:22,434 ] 12 root - INFO - [[[1.44249601e+02 1.46483418e+02 1.44121101e+02 7.73382000e+07
   1.45099640e+02]
  [1.45840938e+02 1.46997384e+02 1.45218230e+02 7.14474000e+07
   1.46839233e+02]
  [1.46552621e+02 1.48094549e+02 1.45989216e+02 7.24341000e+07
   1.47264282e+02]
  [1.47392763e+02 1.47481732e+02 1.43864122e+02 1.04818600e+08
   1.45069992e+02]
  [1.43132691e+02 1.45267676e+02 1.40888980e+02 1.18931200e+08
   1.43300720e+02]
  [1.43014071e+02 1.44852527e+02 1.42905344e+02 5.66995000e+07
   1.43953064e+02]
  [1.42707664e+02 1.44635074e+02 1.42440787e+02 7.04406000e+07
   1.44170517e+02]]

 [[1.45840938e+02 1.46997384e+02 1.45218230e+02 7.14474000e+07
   1.46839233e+02]
  [1.46552621e+02 1.48094549e+02 1.45989216e+02 7.24341000e+07
   1.47264282e+02]
  [1.47392763e+02 1.47481732e+02 1.43864122e+02 1.04818600e+08
   1.45069992e+02]
  [1.43132691e+02 1.45267676e+02 1.40888980e+02 1.18931200e+08
   1.43300720e+02]
  [1.43014071e+02 1.44852527e+02 1.42905344e+02 5.66995000e+07
   1.43953064e+02]
  [1.42707664e+02 1.44635074e+02 1.42440787e+02 7.04406000e+07
   1.44170517e+02]
  [1.44664724e+02 1.45247887e+02 1.43567581e+02 6.28800000e+07
   1.43834457e+02]]

 [[1.46552621e+02 1.48094549e+02 1.45989216e+02 7.24341000e+07
   1.47264282e+02]
  [1.47392763e+02 1.47481732e+02 1.43864122e+02 1.04818600e+08
   1.45069992e+02]
  [1.43132691e+02 1.45267676e+02 1.40888980e+02 1.18931200e+08
   1.43300720e+02]
  [1.43014071e+02 1.44852527e+02 1.42905344e+02 5.66995000e+07
   1.43953064e+02]
  [1.42707664e+02 1.44635074e+02 1.42440787e+02 7.04406000e+07
   1.44170517e+02]
  [1.44664724e+02 1.45247887e+02 1.43567581e+02 6.28800000e+07
   1.43834457e+02]
  [1.44121118e+02 1.46325284e+02 1.43498410e+02 6.47866000e+07
   1.45653168e+02]]

 [[1.47392763e+02 1.47481732e+02 1.43864122e+02 1.04818600e+08
   1.45069992e+02]
  [1.43132691e+02 1.45267676e+02 1.40888980e+02 1.18931200e+08
   1.43300720e+02]
  [1.43014071e+02 1.44852527e+02 1.42905344e+02 5.66995000e+07
   1.43953064e+02]
  [1.42707664e+02 1.44635074e+02 1.42440787e+02 7.04406000e+07
   1.44170517e+02]
  [1.44664724e+02 1.45247887e+02 1.43567581e+02 6.28800000e+07
   1.43834457e+02]
  [1.44121118e+02 1.46325284e+02 1.43498410e+02 6.47866000e+07
   1.45653168e+02]
  [1.45564210e+02 1.46078176e+02 1.44585672e+02 5.63683000e+07
   1.45247910e+02]]

 [[1.43132691e+02 1.45267676e+02 1.40888980e+02 1.18931200e+08
   1.43300720e+02]
  [1.43014071e+02 1.44852527e+02 1.42905344e+02 5.66995000e+07
   1.43953064e+02]
  [1.42707664e+02 1.44635074e+02 1.42440787e+02 7.04406000e+07
   1.44170517e+02]
  [1.44664724e+02 1.45247887e+02 1.43567581e+02 6.28800000e+07
   1.43834457e+02]
  [1.44121118e+02 1.46325284e+02 1.43498410e+02 6.47866000e+07
   1.45653168e+02]
  [1.45564210e+02 1.46078176e+02 1.44585672e+02 5.63683000e+07
   1.45247910e+02]
  [1.45277584e+02 1.46127623e+02 1.44476968e+02 4.63977000e+07
   1.45356659e+02]]]
[ 2023-07-30 19:44:23,046 ] 107 root - INFO - Stock Price prediction started using Encoder Model...
[ 2023-07-30 19:44:32,311 ] 55 root - INFO - Doing inverse tranform of obtained output
[ 2023-07-30 19:44:32,313 ] 187 werkzeug - INFO - 127.0.0.1 - - [30/Jul/2023 19:44:32] "POST /predict HTTP/1.1" 200 -
[ 2023-07-30 19:44:32,367 ] 187 werkzeug - INFO - 127.0.0.1 - - [30/Jul/2023 19:44:32] "[36mGET /static/styles.css HTTP/1.1[0m" 304 -
[ 2023-07-30 19:44:57,679 ] 187 werkzeug - INFO - 127.0.0.1 - - [30/Jul/2023 19:44:57] "[33mGET /home.html HTTP/1.1[0m" 404 -
[ 2023-07-30 19:44:59,531 ] 187 werkzeug - INFO - 127.0.0.1 - - [30/Jul/2023 19:44:59] "[33mGET /about.html HTTP/1.1[0m" 404 -
[ 2023-07-30 21:49:47,765 ] 14 root - INFO - Stock Data object initialised.
[ 2023-07-30 21:49:49,262 ] 20 root - INFO - Stock data for AAPL collected.
[ 2023-07-30 21:49:49,378 ] 33 root - INFO - Stock data graph generated.
[ 2023-07-30 21:49:49,409 ] 37 root - INFO - Plot saved.
[ 2023-07-30 21:49:49,411 ] 12 root - INFO - Data Processing initialised.
[ 2023-07-30 21:49:49,411 ] 17 root - INFO - Relevant features of data collected.
[ 2023-07-30 21:49:49,412 ] 22 root - INFO - Data is scaled.
[ 2023-07-30 21:49:49,413 ] 26 root - INFO - Generating sequential data.
[ 2023-07-30 21:49:49,415 ] 39 root - INFO - Generating train test data.
[ 2023-07-30 21:49:49,415 ] 50 root - INFO - Generating data for prediction.
[ 2023-07-30 21:49:49,816 ] 89 root - INFO - Encoder model training started...
[ 2023-07-30 21:49:56,198 ] 187 werkzeug - INFO - 127.0.0.1 - - [30/Jul/2023 21:49:56] "GET / HTTP/1.1" 200 -
[ 2023-07-30 21:49:56,253 ] 187 werkzeug - INFO - 127.0.0.1 - - [30/Jul/2023 21:49:56] "[36mGET /static/styles.css HTTP/1.1[0m" 304 -
[ 2023-07-30 21:50:00,007 ] 60 root - INFO - Doing inverse tranform 
[ 2023-07-30 21:50:00,007 ] 60 root - INFO - Doing inverse tranform 
[ 2023-07-30 21:50:00,007 ] 60 root - INFO - Doing inverse tranform 
[ 2023-07-30 21:50:00,007 ] 60 root - INFO - Doing inverse tranform 
[ 2023-07-30 21:50:00,007 ] 60 root - INFO - Doing inverse tranform 
[ 2023-07-30 21:50:00,008 ] 60 root - INFO - Doing inverse tranform 
[ 2023-07-30 21:50:00,008 ] 60 root - INFO - Doing inverse tranform 
[ 2023-07-30 21:50:00,008 ] 60 root - INFO - Doing inverse tranform 
[ 2023-07-30 21:50:00,008 ] 60 root - INFO - Doing inverse tranform 
[ 2023-07-30 21:50:00,008 ] 60 root - INFO - Doing inverse tranform 
[ 2023-07-30 21:50:00,008 ] 60 root - INFO - Doing inverse tranform 
[ 2023-07-30 21:50:00,008 ] 60 root - INFO - Doing inverse tranform 
[ 2023-07-30 21:50:00,008 ] 60 root - INFO - Doing inverse tranform 
[ 2023-07-30 21:50:00,008 ] 60 root - INFO - Doing inverse tranform 
[ 2023-07-30 21:50:00,008 ] 10 root - INFO - pred has shape (501, 7, 5)
[ 2023-07-30 21:50:00,008 ] 11 root - INFO - [[[1.31857681e+02 1.31963821e+02 1.29851913e+02 7.23101760e+07
   1.31656235e+02]
  [1.31512894e+02 1.32598175e+02 1.30828720e+02 8.87132080e+07
   1.34236496e+02]
  [1.30637589e+02 1.33323288e+02 1.31027924e+02 8.27565760e+07
   1.32480637e+02]
  [1.30288071e+02 1.32871262e+02 1.32220551e+02 7.76029760e+07
   1.32662140e+02]
  [1.32376358e+02 1.33354736e+02 1.29760925e+02 9.04154720e+07
   1.33652557e+02]
  [1.33271896e+02 1.32984543e+02 1.31775970e+02 1.02393344e+08
   1.31241547e+02]
  [1.31763260e+02 1.33578568e+02 1.30093857e+02 8.97068400e+07
   1.33194046e+02]]

 [[1.32143997e+02 1.32234787e+02 1.30086273e+02 7.14623600e+07
   1.31931686e+02]
  [1.31851395e+02 1.32937546e+02 1.31133469e+02 8.79749280e+07
   1.34534348e+02]
  [1.30910583e+02 1.33619781e+02 1.31333923e+02 8.16961120e+07
   1.32758743e+02]
  [1.30535126e+02 1.33140045e+02 1.32503799e+02 7.67270640e+07
   1.32921997e+02]
  [1.32730331e+02 1.33580734e+02 1.30084030e+02 8.97526320e+07
   1.33945511e+02]
  [1.33554947e+02 1.33283142e+02 1.32092194e+02 1.01415240e+08
   1.31528442e+02]
  [1.32016800e+02 1.33790741e+02 1.30380844e+02 8.87506800e+07
   1.33501450e+02]]

 [[1.32355591e+02 1.32438202e+02 1.30230957e+02 7.09432240e+07
   1.32122910e+02]
  [1.32102982e+02 1.33192276e+02 1.31355362e+02 8.74605920e+07
   1.34745529e+02]
  [1.31119171e+02 1.33822479e+02 1.31581024e+02 8.08976960e+07
   1.32952957e+02]
  [1.30709900e+02 1.33351013e+02 1.32695007e+02 7.60623200e+07
   1.33094849e+02]
  [1.33002380e+02 1.33732498e+02 1.30325943e+02 8.93463360e+07
   1.34150864e+02]
  [1.33739807e+02 1.33509735e+02 1.32324142e+02 1.00660784e+08
   1.31745865e+02]
  [1.32183090e+02 1.33934708e+02 1.30578491e+02 8.81077920e+07
   1.33734650e+02]]

 [[1.32400284e+02 1.32506622e+02 1.30302155e+02 7.08119920e+07
   1.32181656e+02]
  [1.32164505e+02 1.33249054e+02 1.31363998e+02 8.73660320e+07
   1.34789261e+02]
  [1.31210281e+02 1.33883194e+02 1.31625000e+02 8.07099200e+07
   1.32994736e+02]
  [1.30778549e+02 1.33392975e+02 1.32707443e+02 7.59938880e+07
   1.33162872e+02]
  [1.33006210e+02 1.33804779e+02 1.30386703e+02 8.92239440e+07
   1.34180649e+02]
  [1.33789215e+02 1.33581467e+02 1.32371292e+02 1.00436352e+08
   1.31821960e+02]
  [1.32227585e+02 1.33987473e+02 1.30649200e+02 8.80377680e+07
   1.33757889e+02]]

 [[1.32444382e+02 1.32543350e+02 1.30339111e+02 7.09091840e+07
   1.32220825e+02]
  [1.32192657e+02 1.33286224e+02 1.31408142e+02 8.74210320e+07
   1.34830200e+02]
  [1.31251068e+02 1.33919266e+02 1.31680008e+02 8.09174320e+07
   1.33043335e+02]
  [1.30824570e+02 1.33454300e+02 1.32759689e+02 7.60516720e+07
   1.33203461e+02]
  [1.33054153e+02 1.33853180e+02 1.30414383e+02 8.93008560e+07
   1.34227142e+02]
  [1.33820053e+02 1.33621002e+02 1.32410477e+02 1.00605576e+08
   1.31866699e+02]
  [1.32272354e+02 1.34057480e+02 1.30678589e+02 8.81430000e+07
   1.33804886e+02]]]
[ 2023-07-30 21:50:00,009 ] 12 root - INFO - [[[1.44249601e+02 1.46483418e+02 1.44121101e+02 7.73382000e+07
   1.45099640e+02]
  [1.45840953e+02 1.46997399e+02 1.45218245e+02 7.14474000e+07
   1.46839249e+02]
  [1.46552605e+02 1.48094534e+02 1.45989200e+02 7.24341000e+07
   1.47264267e+02]
  [1.47392779e+02 1.47481748e+02 1.43864137e+02 1.04818600e+08
   1.45070007e+02]
  [1.43132676e+02 1.45267660e+02 1.40888965e+02 1.18931200e+08
   1.43300705e+02]
  [1.43014086e+02 1.44852542e+02 1.42905359e+02 5.66995000e+07
   1.43953079e+02]
  [1.42707664e+02 1.44635074e+02 1.42440787e+02 7.04406000e+07
   1.44170517e+02]]

 [[1.45840953e+02 1.46997399e+02 1.45218245e+02 7.14474000e+07
   1.46839249e+02]
  [1.46552605e+02 1.48094534e+02 1.45989200e+02 7.24341000e+07
   1.47264267e+02]
  [1.47392779e+02 1.47481748e+02 1.43864137e+02 1.04818600e+08
   1.45070007e+02]
  [1.43132676e+02 1.45267660e+02 1.40888965e+02 1.18931200e+08
   1.43300705e+02]
  [1.43014086e+02 1.44852542e+02 1.42905359e+02 5.66995000e+07
   1.43953079e+02]
  [1.42707664e+02 1.44635074e+02 1.42440787e+02 7.04406000e+07
   1.44170517e+02]
  [1.44664739e+02 1.45247902e+02 1.43567596e+02 6.28800000e+07
   1.43834473e+02]]

 [[1.46552605e+02 1.48094534e+02 1.45989200e+02 7.24341000e+07
   1.47264267e+02]
  [1.47392779e+02 1.47481748e+02 1.43864137e+02 1.04818600e+08
   1.45070007e+02]
  [1.43132676e+02 1.45267660e+02 1.40888965e+02 1.18931200e+08
   1.43300705e+02]
  [1.43014086e+02 1.44852542e+02 1.42905359e+02 5.66995000e+07
   1.43953079e+02]
  [1.42707664e+02 1.44635074e+02 1.42440787e+02 7.04406000e+07
   1.44170517e+02]
  [1.44664739e+02 1.45247902e+02 1.43567596e+02 6.28800000e+07
   1.43834473e+02]
  [1.44121088e+02 1.46325254e+02 1.43498380e+02 6.47866000e+07
   1.45653137e+02]]

 [[1.47392779e+02 1.47481748e+02 1.43864137e+02 1.04818600e+08
   1.45070007e+02]
  [1.43132676e+02 1.45267660e+02 1.40888965e+02 1.18931200e+08
   1.43300705e+02]
  [1.43014086e+02 1.44852542e+02 1.42905359e+02 5.66995000e+07
   1.43953079e+02]
  [1.42707664e+02 1.44635074e+02 1.42440787e+02 7.04406000e+07
   1.44170517e+02]
  [1.44664739e+02 1.45247902e+02 1.43567596e+02 6.28800000e+07
   1.43834473e+02]
  [1.44121088e+02 1.46325254e+02 1.43498380e+02 6.47866000e+07
   1.45653137e+02]
  [1.45564195e+02 1.46078161e+02 1.44585657e+02 5.63683000e+07
   1.45247894e+02]]

 [[1.43132676e+02 1.45267660e+02 1.40888965e+02 1.18931200e+08
   1.43300705e+02]
  [1.43014086e+02 1.44852542e+02 1.42905359e+02 5.66995000e+07
   1.43953079e+02]
  [1.42707664e+02 1.44635074e+02 1.42440787e+02 7.04406000e+07
   1.44170517e+02]
  [1.44664739e+02 1.45247902e+02 1.43567596e+02 6.28800000e+07
   1.43834473e+02]
  [1.44121088e+02 1.46325254e+02 1.43498380e+02 6.47866000e+07
   1.45653137e+02]
  [1.45564195e+02 1.46078161e+02 1.44585657e+02 5.63683000e+07
   1.45247894e+02]
  [1.45277538e+02 1.46127577e+02 1.44476923e+02 4.63977000e+07
   1.45356613e+02]]]
[ 2023-07-30 21:50:00,572 ] 107 root - INFO - Stock Price prediction started using Encoder Model...
[ 2023-07-30 21:50:09,792 ] 55 root - INFO - Doing inverse tranform of obtained output
[ 2023-07-30 21:50:09,793 ] 187 werkzeug - INFO - 127.0.0.1 - - [30/Jul/2023 21:50:09] "POST /predict HTTP/1.1" 200 -
[ 2023-07-30 21:50:14,673 ] 14 root - INFO - Stock Data object initialised.
[ 2023-07-30 21:50:16,379 ] 20 root - INFO - Stock data for GOOGL collected.
[ 2023-07-30 21:50:16,455 ] 33 root - INFO - Stock data graph generated.
[ 2023-07-30 21:50:16,483 ] 37 root - INFO - Plot saved.
[ 2023-07-30 21:50:16,485 ] 12 root - INFO - Data Processing initialised.
[ 2023-07-30 21:50:16,485 ] 17 root - INFO - Relevant features of data collected.
[ 2023-07-30 21:50:16,487 ] 22 root - INFO - Data is scaled.
[ 2023-07-30 21:50:16,487 ] 26 root - INFO - Generating sequential data.
[ 2023-07-30 21:50:16,488 ] 39 root - INFO - Generating train test data.
[ 2023-07-30 21:50:16,488 ] 50 root - INFO - Generating data for prediction.
[ 2023-07-30 21:50:16,489 ] 17 root - INFO - LSTM model initialising...
[ 2023-07-30 21:50:16,628 ] 54 root - INFO - LSTM model training started...
[ 2023-07-30 21:50:27,873 ] 60 root - INFO - Doing inverse tranform 
[ 2023-07-30 21:50:27,873 ] 60 root - INFO - Doing inverse tranform 
[ 2023-07-30 21:50:27,873 ] 60 root - INFO - Doing inverse tranform 
[ 2023-07-30 21:50:27,873 ] 60 root - INFO - Doing inverse tranform 
[ 2023-07-30 21:50:27,874 ] 60 root - INFO - Doing inverse tranform 
[ 2023-07-30 21:50:27,874 ] 60 root - INFO - Doing inverse tranform 
[ 2023-07-30 21:50:27,874 ] 60 root - INFO - Doing inverse tranform 
[ 2023-07-30 21:50:27,874 ] 60 root - INFO - Doing inverse tranform 
[ 2023-07-30 21:50:27,874 ] 60 root - INFO - Doing inverse tranform 
[ 2023-07-30 21:50:27,874 ] 60 root - INFO - Doing inverse tranform 
[ 2023-07-30 21:50:27,874 ] 60 root - INFO - Doing inverse tranform 
[ 2023-07-30 21:50:27,874 ] 60 root - INFO - Doing inverse tranform 
[ 2023-07-30 21:50:27,874 ] 10 root - INFO - pred has shape (501, 6, 5)
[ 2023-07-30 21:50:27,874 ] 11 root - INFO - [[[1.27230202e+02 1.27235260e+02 1.25376564e+02 2.53764380e+07
   1.26698883e+02]
  [1.26766136e+02 1.28425919e+02 1.26141396e+02 3.18715800e+07
   1.27497879e+02]
  [1.28933792e+02 1.29412323e+02 1.27411690e+02 2.34252160e+07
   1.28129242e+02]
  [1.27793587e+02 1.28735504e+02 1.26666695e+02 2.82212660e+07
   1.26990234e+02]
  [1.28316391e+02 1.28679214e+02 1.27623474e+02 4.26435120e+07
   1.27208931e+02]
  [1.28506805e+02 1.29489258e+02 1.27821259e+02 1.62284500e+07
   1.30103699e+02]]

 [[1.27878754e+02 1.27717484e+02 1.25906281e+02 2.71859280e+07
   1.27375244e+02]
  [1.27143768e+02 1.28996552e+02 1.26627632e+02 3.30482620e+07
   1.28052994e+02]
  [1.29461578e+02 1.29927216e+02 1.27777328e+02 2.46966040e+07
   1.28883606e+02]
  [1.28347565e+02 1.29418121e+02 1.27245544e+02 2.92856880e+07
   1.27479637e+02]
  [1.28806610e+02 1.29224731e+02 1.28101013e+02 4.33537480e+07
   1.27834541e+02]
  [1.29042130e+02 1.30289185e+02 1.28510818e+02 1.81043400e+07
   1.30724930e+02]]

 [[1.28525238e+02 1.28333725e+02 1.26473038e+02 2.75471220e+07
   1.28127823e+02]
  [1.27740028e+02 1.29714157e+02 1.27326134e+02 3.36350920e+07
   1.28742081e+02]
  [1.30075851e+02 1.30651962e+02 1.28282974e+02 2.50714400e+07
   1.29625656e+02]
  [1.29003464e+02 1.30226776e+02 1.27928185e+02 2.98674560e+07
   1.28016479e+02]
  [1.29384460e+02 1.29846451e+02 1.28817734e+02 4.37345200e+07
   1.28622330e+02]
  [1.29746323e+02 1.31120590e+02 1.29377869e+02 1.89018660e+07
   1.31515472e+02]]

 [[1.29106430e+02 1.28877396e+02 1.27164719e+02 3.00027540e+07
   1.28785278e+02]
  [1.28293854e+02 1.30260437e+02 1.27816185e+02 3.58394480e+07
   1.29357315e+02]
  [1.30595627e+02 1.31236099e+02 1.28960678e+02 2.67455320e+07
   1.30328690e+02]
  [1.29461960e+02 1.30915375e+02 1.28561951e+02 3.13065680e+07
   1.28633652e+02]
  [1.29972656e+02 1.30520004e+02 1.29354462e+02 4.51368160e+07
   1.29265060e+02]
  [1.30260468e+02 1.31781540e+02 1.30047394e+02 2.08298540e+07
   1.32060074e+02]]

 [[1.30111374e+02 1.29677887e+02 1.28156494e+02 3.48750640e+07
   1.29834259e+02]
  [1.29109039e+02 1.31085419e+02 1.28462494e+02 3.97722680e+07
   1.30250793e+02]
  [1.31320618e+02 1.32099609e+02 1.29856857e+02 3.03909520e+07
   1.31504089e+02]
  [1.30309280e+02 1.32001556e+02 1.29554504e+02 3.45882400e+07
   1.29437561e+02]
  [1.30815414e+02 1.31602234e+02 1.30169754e+02 4.77193240e+07
   1.30250397e+02]
  [1.31119476e+02 1.32921768e+02 1.31101624e+02 2.47569460e+07
   1.32996002e+02]]]
[ 2023-07-30 21:50:27,875 ] 12 root - INFO - [[[1.30430496e+02 1.33399002e+02 1.29800507e+02 4.15060000e+07
   1.33014999e+02]
  [1.33328506e+02 1.34237000e+02 1.32301498e+02 3.05720000e+07
   1.34035004e+02]
  [1.34250504e+02 1.34399002e+02 1.30104004e+02 5.47100000e+07
   1.31899994e+02]
  [1.36311996e+02 1.38296997e+02 1.35277496e+02 9.51300000e+07
   1.36093994e+02]
  [1.36149994e+02 1.36660995e+02 1.35542999e+02 3.17160000e+07
   1.35777496e+02]
  [1.35035004e+02 1.35304504e+02 1.34255005e+02 2.55760000e+07
   1.34726501e+02]]

 [[1.33328506e+02 1.34237000e+02 1.32301498e+02 3.05720000e+07
   1.34035004e+02]
  [1.34250504e+02 1.34399002e+02 1.30104004e+02 5.47100000e+07
   1.31899994e+02]
  [1.36311996e+02 1.38296997e+02 1.35277496e+02 9.51300000e+07
   1.36093994e+02]
  [1.36149994e+02 1.36660995e+02 1.35542999e+02 3.17160000e+07
   1.35777496e+02]
  [1.35035004e+02 1.35304504e+02 1.34255005e+02 2.55760000e+07
   1.34726501e+02]
  [1.35117004e+02 1.35336502e+02 1.33794006e+02 2.16340000e+07
   1.34854507e+02]]

 [[1.34250504e+02 1.34399002e+02 1.30104004e+02 5.47100000e+07
   1.31899994e+02]
  [1.36311996e+02 1.38296997e+02 1.35277496e+02 9.51300000e+07
   1.36093994e+02]
  [1.36149994e+02 1.36660995e+02 1.35542999e+02 3.17160000e+07
   1.35777496e+02]
  [1.35035004e+02 1.35304504e+02 1.34255005e+02 2.55760000e+07
   1.34726501e+02]
  [1.35117004e+02 1.35336502e+02 1.33794006e+02 2.16340000e+07
   1.34854507e+02]
  [1.35134995e+02 1.35731995e+02 1.33319504e+02 2.07620000e+07
   1.35630005e+02]]

 [[1.36311996e+02 1.38296997e+02 1.35277496e+02 9.51300000e+07
   1.36093994e+02]
  [1.36149994e+02 1.36660995e+02 1.35542999e+02 3.17160000e+07
   1.35777496e+02]
  [1.35035004e+02 1.35304504e+02 1.34255005e+02 2.55760000e+07
   1.34726501e+02]
  [1.35117004e+02 1.35336502e+02 1.33794006e+02 2.16340000e+07
   1.34854507e+02]
  [1.35134995e+02 1.35731995e+02 1.33319504e+02 2.07620000e+07
   1.35630005e+02]
  [1.35349503e+02 1.35649506e+02 1.34487000e+02 1.96760000e+07
   1.35125504e+02]]

 [[1.36149994e+02 1.36660995e+02 1.35542999e+02 3.17160000e+07
   1.35777496e+02]
  [1.35035004e+02 1.35304504e+02 1.34255005e+02 2.55760000e+07
   1.34726501e+02]
  [1.35117004e+02 1.35336502e+02 1.33794006e+02 2.16340000e+07
   1.34854507e+02]
  [1.35134995e+02 1.35731995e+02 1.33319504e+02 2.07620000e+07
   1.35630005e+02]
  [1.35349503e+02 1.35649506e+02 1.34487000e+02 1.96760000e+07
   1.35125504e+02]
  [1.35680496e+02 1.36350006e+02 1.34845993e+02 1.78700000e+07
   1.36251495e+02]]]
[ 2023-07-30 21:50:28,416 ] 72 root - INFO - Stock Price prediction started using LSTM Model...
[ 2023-07-30 21:50:35,253 ] 55 root - INFO - Doing inverse tranform of obtained output
[ 2023-07-30 21:50:35,255 ] 187 werkzeug - INFO - 127.0.0.1 - - [30/Jul/2023 21:50:35] "POST /predict HTTP/1.1" 200 -
[ 2023-07-30 21:50:35,307 ] 187 werkzeug - INFO - 127.0.0.1 - - [30/Jul/2023 21:50:35] "[36mGET /static/styles.css HTTP/1.1[0m" 304 -
